<?xml version="1.0" encoding="UTF-8"?>
<testng-results skipped="0" failed="0" ignored="0" total="2" passed="2">
  <reporter-output>
  </reporter-output>
  <suite name="Default suite" duration-ms="29391" started-at="2018-08-16T19:16:59Z" finished-at="2018-08-16T19:17:29Z">
    <groups>
    </groups>
    <test name="Default test" duration-ms="29391" started-at="2018-08-16T19:16:59Z" finished-at="2018-08-16T19:17:29Z">
      <class name="com.gucci.qa.testcases.HomePageTest">
        <test-method status="PASS" signature="setUp()[pri:0, instance:com.gucci.qa.testcases.HomePageTest@3c0ecd4b]" name="setUp" is-config="true" duration-ms="12109" started-at="2018-08-16T15:16:59Z" finished-at="2018-08-16T15:17:12Z">
          <reporter-output>
          </reporter-output>
        </test-method> <!-- setUp -->
        <test-method status="PASS" signature="titleTest()[pri:1, instance:com.gucci.qa.testcases.HomePageTest@3c0ecd4b]" name="titleTest" duration-ms="164" started-at="2018-08-16T15:17:12Z" finished-at="2018-08-16T15:17:12Z">
          <reporter-output>
          </reporter-output>
        </test-method> <!-- titleTest -->
        <test-method status="PASS" signature="tearDown()[pri:0, instance:com.gucci.qa.testcases.HomePageTest@3c0ecd4b]" name="tearDown" is-config="true" duration-ms="1134" started-at="2018-08-16T15:17:12Z" finished-at="2018-08-16T15:17:13Z">
          <reporter-output>
          </reporter-output>
        </test-method> <!-- tearDown -->
        <test-method status="PASS" signature="setUp()[pri:0, instance:com.gucci.qa.testcases.HomePageTest@3c0ecd4b]" name="setUp" is-config="true" duration-ms="14886" started-at="2018-08-16T15:17:13Z" finished-at="2018-08-16T15:17:28Z">
          <reporter-output>
          </reporter-output>
        </test-method> <!-- setUp -->
        <test-method status="PASS" signature="logoTest()[pri:2, instance:com.gucci.qa.testcases.HomePageTest@3c0ecd4b]" name="logoTest" duration-ms="124" started-at="2018-08-16T15:17:28Z" finished-at="2018-08-16T15:17:28Z">
          <reporter-output>
          </reporter-output>
        </test-method> <!-- logoTest -->
        <test-method status="PASS" signature="tearDown()[pri:0, instance:com.gucci.qa.testcases.HomePageTest@3c0ecd4b]" name="tearDown" is-config="true" duration-ms="927" started-at="2018-08-16T15:17:28Z" finished-at="2018-08-16T15:17:29Z">
          <reporter-output>
          </reporter-output>
        </test-method> <!-- tearDown -->
      </class> <!-- com.gucci.qa.testcases.HomePageTest -->
    </test> <!-- Default test -->
  </suite> <!-- Default suite -->
</testng-results>
